<?xml version="1.0" encoding="UTF-8"?>
<!-- Generated by org.testng.reporters.JUnitXMLReporter -->
<testsuite ignored="0" hostname="DESKTOP-88V4A8K" failures="0" tests="6" name="Product Info Page Test" time="27.817" errors="0" timestamp="2023-06-03T17:59:45 IST">
  <testcase classname="com.qa.opencart.tests.ProductInfoPageTest" name="addToCartTest" time="3.959"/>
  <testcase classname="com.qa.opencart.tests.ProductInfoPageTest" name="getImagesCountTest" time="1.216"/>
  <testcase classname="com.qa.opencart.tests.ProductInfoPageTest" name="getImagesCountTest" time="1.59"/>
  <testcase classname="com.qa.opencart.tests.ProductInfoPageTest" name="getImagesCountTest" time="2.191"/>
  <testcase classname="com.qa.opencart.tests.ProductInfoPageTest" name="getImagesCountTest" time="1.688"/>
  <testcase classname="com.qa.opencart.tests.ProductInfoPageTest" name="productInfoTest" time="2.098"/>
</testsuite> <!-- Product Info Page Test -->
