<?xml version="1.0" encoding="UTF-8"?>
<!-- Generated by org.testng.reporters.JUnitXMLReporter -->
<testsuite ignored="0" hostname="DESKTOP-88V4A8K" failures="0" tests="3" name="Registration Page Test" time="28.965" errors="0" timestamp="2023-06-03T17:59:46 IST">
  <testcase classname="com.qa.opencart.tests.RegistrationPageTest" name="registerNewUser" time="4.126"/>
  <testcase classname="com.qa.opencart.tests.RegistrationPageTest" name="registerNewUser" time="4.985"/>
  <testcase classname="com.qa.opencart.tests.RegistrationPageTest" name="registerNewUser" time="4.144"/>
</testsuite> <!-- Registration Page Test -->
