<?xml version="1.0" encoding="UTF-8"?>
<!-- Generated by org.testng.reporters.JUnitXMLReporter -->
<testsuite ignored="0" hostname="DESKTOP-88V4A8K" failures="0" tests="5" name="Search Result Page Test" time="11.366" errors="0" timestamp="2023-06-03T17:59:50 IST">
  <testcase classname="com.qa.opencart.tests.SearchResultPageTest" name="myAccountPageTest" time="0.973"/>
  <testcase classname="com.qa.opencart.tests.SearchResultPageTest" name="getProductCountTest" time="1.693"/>
  <testcase classname="com.qa.opencart.tests.SearchResultPageTest" name="getProductCountTest" time="1.415"/>
  <testcase classname="com.qa.opencart.tests.SearchResultPageTest" name="getProductCountTest" time="1.368"/>
  <testcase classname="com.qa.opencart.tests.SearchResultPageTest" name="getProductCountTest" time="1.582"/>
</testsuite> <!-- Search Result Page Test -->
